# JRE version: OpenJDK Runtime Environment (21.0.6) (build 21.0.6+-13391695-b895.109)
# Java VM: OpenJDK 64-Bit Server VM (21.0.6+-13391695-b895.109, mixed mode, tiered, compressed oops, compressed class ptrs, g1 gc, windows-amd64)
GC Precious Log:
 CardTable entry size: 512
 Card Set container configuration: InlinePtr #cards 5 size 8 Array Of Cards #cards 12 size 40 Howl #buckets 4 coarsen threshold 1843 Howl Bitmap #cards 512 size 80 coarsen threshold 460 Card regions per heap region 1 cards per card region 2048
 CPUs: 8 total, 8 available
 Memory: 8070M
 Large Page Support: Disabled
 NUMA Support: Disabled
 Compressed Oops: Enabled (32-bit)
 Heap Region Size: 1M
 Heap Min Capacity: 8M
 Heap Initial Capacity: 128M
 Heap Max Capacity: 2G
 Pre-touch: Disabled
 Parallel Workers: 8
 Concurrent Workers: 2
 Concurrent Refinement Workers: 8
 Periodic GC: Disabled
Heap:
 garbage-first heap   total 454656K, used 317028K [0x0000000080000000, 0x0000000100000000)
  region size 1024K, 4 young (4096K), 4 survivors (4096K)
 Metaspace       used 199769K, committed 202624K, reserved 1245184K
  class space    used 25178K, committed 26624K, reserved 1048576K
GC Heap History (20 events):
Event: 1153.166 GC heap after
{Heap after GC invocations=64 (full 0):
 garbage-first heap   total 454656K, used 287984K [0x0000000080000000, 0x0000000100000000)
  region size 1024K, 14 young (14336K), 14 survivors (14336K)
 Metaspace       used 185108K, committed 187904K, reserved 1245184K
  class space    used 23585K, committed 25024K, reserved 1048576K
}
Event: 1153.340 GC heap before
{Heap before GC invocations=64 (full 0):
 garbage-first heap   total 454656K, used 296176K [0x0000000080000000, 0x0000000100000000)
  region size 1024K, 22 young (22528K), 14 survivors (14336K)
 Metaspace       used 185114K, committed 187904K, reserved 1245184K
  class space    used 23586K, committed 25024K, reserved 1048576K
}
Event: 1153.365 GC heap after
{Heap after GC invocations=65 (full 0):
 garbage-first heap   total 454656K, used 284702K [0x0000000080000000, 0x0000000100000000)
  region size 1024K, 3 young (3072K), 3 survivors (3072K)
 Metaspace       used 185114K, committed 187904K, reserved 1245184K
  class space    used 23586K, committed 25024K, reserved 1048576K
}
Event: 1153.972 GC heap before
{Heap before GC invocations=65 (full 0):
 garbage-first heap   total 454656K, used 306206K [0x0000000080000000, 0x0000000100000000)
  region size 1024K, 22 young (22528K), 3 survivors (3072K)
 Metaspace       used 185128K, committed 187904K, reserved 1245184K
  class space    used 23586K, committed 25024K, reserved 1048576K
}
Event: 1153.984 GC heap after
{Heap after GC invocations=66 (full 0):
 garbage-first heap   total 454656K, used 289671K [0x0000000080000000, 0x0000000100000000)
  region size 1024K, 3 young (3072K), 3 survivors (3072K)
 Metaspace       used 185128K, committed 187904K, reserved 1245184K
  class space    used 23586K, committed 25024K, reserved 1048576K
}
Event: 1154.207 GC heap before
{Heap before GC invocations=66 (full 0):
 garbage-first heap   total 454656K, used 309127K [0x0000000080000000, 0x0000000100000000)
  region size 1024K, 22 young (22528K), 3 survivors (3072K)
 Metaspace       used 185138K, committed 187904K, reserved 1245184K
  class space    used 23586K, committed 25024K, reserved 1048576K
}
Event: 1154.222 GC heap after
{Heap after GC invocations=67 (full 0):
 garbage-first heap   total 454656K, used 291724K [0x0000000080000000, 0x0000000100000000)
  region size 1024K, 3 young (3072K), 3 survivors (3072K)
 Metaspace       used 185138K, committed 187904K, reserved 1245184K
  class space    used 23586K, committed 25024K, reserved 1048576K
}
Event: 1154.586 GC heap before
{Heap before GC invocations=67 (full 0):
 garbage-first heap   total 454656K, used 312204K [0x0000000080000000, 0x0000000100000000)
  region size 1024K, 23 young (23552K), 3 survivors (3072K)
 Metaspace       used 185171K, committed 187968K, reserved 1245184K
  class space    used 23586K, committed 25024K, reserved 1048576K
}
Event: 1154.608 GC heap after
{Heap after GC invocations=68 (full 0):
 garbage-first heap   total 454656K, used 294118K [0x0000000080000000, 0x0000000100000000)
  region size 1024K, 3 young (3072K), 3 survivors (3072K)
 Metaspace       used 185171K, committed 187968K, reserved 1245184K
  class space    used 23586K, committed 25024K, reserved 1048576K
}
Event: 1155.715 GC heap before
{Heap before GC invocations=68 (full 0):
 garbage-first heap   total 454656K, used 343270K [0x0000000080000000, 0x0000000100000000)
  region size 1024K, 50 young (51200K), 3 survivors (3072K)
 Metaspace       used 189540K, committed 192256K, reserved 1245184K
  class space    used 23948K, committed 25344K, reserved 1048576K
}
Event: 1155.733 GC heap after
{Heap after GC invocations=69 (full 0):
 garbage-first heap   total 454656K, used 296548K [0x0000000080000000, 0x0000000100000000)
  region size 1024K, 7 young (7168K), 7 survivors (7168K)
 Metaspace       used 189540K, committed 192256K, reserved 1245184K
  class space    used 23948K, committed 25344K, reserved 1048576K
}
Event: 1157.417 GC heap before
{Heap before GC invocations=69 (full 0):
 garbage-first heap   total 454656K, used 379492K [0x0000000080000000, 0x0000000100000000)
  region size 1024K, 84 young (86016K), 7 survivors (7168K)
 Metaspace       used 193270K, committed 196032K, reserved 1245184K
  class space    used 24398K, committed 25792K, reserved 1048576K
}
Event: 1157.435 GC heap after
{Heap after GC invocations=70 (full 0):
 garbage-first heap   total 454656K, used 304042K [0x0000000080000000, 0x0000000100000000)
  region size 1024K, 8 young (8192K), 8 survivors (8192K)
 Metaspace       used 193270K, committed 196032K, reserved 1245184K
  class space    used 24398K, committed 25792K, reserved 1048576K
}
Event: 1252.129 GC heap before
{Heap before GC invocations=70 (full 0):
 garbage-first heap   total 454656K, used 418730K [0x0000000080000000, 0x0000000100000000)
  region size 1024K, 120 young (122880K), 8 survivors (8192K)
 Metaspace       used 197138K, committed 199936K, reserved 1245184K
  class space    used 24876K, committed 26368K, reserved 1048576K
}
Event: 1252.741 GC heap after
{Heap after GC invocations=71 (full 0):
 garbage-first heap   total 454656K, used 301923K [0x0000000080000000, 0x0000000100000000)
  region size 1024K, 10 young (10240K), 10 survivors (10240K)
 Metaspace       used 197138K, committed 199936K, reserved 1245184K
  class space    used 24876K, committed 26368K, reserved 1048576K
}
Event: 1995.304 GC heap before
{Heap before GC invocations=71 (full 0):
 garbage-first heap   total 454656K, used 419683K [0x0000000080000000, 0x0000000100000000)
  region size 1024K, 126 young (129024K), 10 survivors (10240K)
 Metaspace       used 199704K, committed 202496K, reserved 1245184K
  class space    used 25177K, committed 26624K, reserved 1048576K
}
Event: 1995.990 GC heap after
{Heap after GC invocations=72 (full 0):
 garbage-first heap   total 454656K, used 311655K [0x0000000080000000, 0x0000000100000000)
  region size 1024K, 16 young (16384K), 16 survivors (16384K)
 Metaspace       used 199704K, committed 202496K, reserved 1245184K
  class space    used 25177K, committed 26624K, reserved 1048576K
}
Event: 1996.409 GC heap before
{Heap before GC invocations=72 (full 0):
 garbage-first heap   total 454656K, used 317799K [0x0000000080000000, 0x0000000100000000)
  region size 1024K, 22 young (22528K), 16 survivors (16384K)
 Metaspace       used 199706K, committed 202496K, reserved 1245184K
  class space    used 25177K, committed 26624K, reserved 1048576K
}
Event: 1996.617 GC heap after
{Heap after GC invocations=73 (full 0):
 garbage-first heap   total 454656K, used 316040K [0x0000000080000000, 0x0000000100000000)
  region size 1024K, 3 young (3072K), 3 survivors (3072K)
 Metaspace       used 199706K, committed 202496K, reserved 1245184K
  class space    used 25177K, committed 26624K, reserved 1048576K
}
Event: 1997.971 GC heap before
{Heap before GC invocations=73 (full 0):
 garbage-first heap   total 454656K, used 339592K [0x0000000080000000, 0x0000000100000000)
  region size 1024K, 27 young (27648K), 3 survivors (3072K)
 Metaspace       used 199769K, committed 202624K, reserved 1245184K
  class space    used 25178K, committed 26624K, reserved 1048576K
}

