# JRE version: OpenJDK Runtime Environment (21.0.6) (build 21.0.6+-13391695-b895.109)
# Java VM: OpenJDK 64-Bit Server VM (21.0.6+-13391695-b895.109, mixed mode, tiered, compressed oops, compressed class ptrs, g1 gc, windows-amd64)
GC Precious Log:
 CardTable entry size: 512
 Card Set container configuration: InlinePtr #cards 5 size 8 Array Of Cards #cards 12 size 40 Howl #buckets 4 coarsen threshold 1843 Howl Bitmap #cards 512 size 80 coarsen threshold 460 Card regions per heap region 1 cards per card region 2048
 CPUs: 8 total, 8 available
 Memory: 8070M
 Large Page Support: Disabled
 NUMA Support: Disabled
 Compressed Oops: Enabled (32-bit)
 Heap Region Size: 1M
 Heap Min Capacity: 8M
 Heap Initial Capacity: 128M
 Heap Max Capacity: 2G
 Pre-touch: Disabled
 Parallel Workers: 8
 Concurrent Workers: 2
 Concurrent Refinement Workers: 8
 Periodic GC: Disabled
Heap:
 garbage-first heap   total 452608K, used 234465K [0x0000000080000000, 0x0000000100000000)
  region size 1024K, 14 young (14336K), 14 survivors (14336K)
 Metaspace       used 203088K, committed 204608K, reserved 1245184K
  class space    used 25989K, committed 26752K, reserved 1048576K
GC Heap History (20 events):
Event: 2026.296 GC heap after
{Heap after GC invocations=115 (full 0):
 garbage-first heap   total 452608K, used 225843K [0x0000000080000000, 0x0000000100000000)
  region size 1024K, 3 young (3072K), 3 survivors (3072K)
 Metaspace       used 192081K, committed 194752K, reserved 1245184K
  class space    used 24650K, committed 25984K, reserved 1048576K
}
Event: 2028.886 GC heap before
{Heap before GC invocations=115 (full 0):
 garbage-first heap   total 452608K, used 233011K [0x0000000080000000, 0x0000000100000000)
  region size 1024K, 12 young (12288K), 3 survivors (3072K)
 Metaspace       used 192087K, committed 194752K, reserved 1245184K
  class space    used 24650K, committed 25984K, reserved 1048576K
}
Event: 2028.995 GC heap after
{Heap after GC invocations=116 (full 0):
 garbage-first heap   total 452608K, used 229632K [0x0000000080000000, 0x0000000100000000)
  region size 1024K, 3 young (3072K), 3 survivors (3072K)
 Metaspace       used 192087K, committed 194752K, reserved 1245184K
  class space    used 24650K, committed 25984K, reserved 1048576K
}
Event: 2036.250 GC heap before
{Heap before GC invocations=117 (full 0):
 garbage-first heap   total 452608K, used 253184K [0x0000000080000000, 0x0000000100000000)
  region size 1024K, 22 young (22528K), 3 survivors (3072K)
 Metaspace       used 186884K, committed 192256K, reserved 1245184K
  class space    used 23861K, committed 25920K, reserved 1048576K
}
Event: 2036.280 GC heap after
{Heap after GC invocations=118 (full 0):
 garbage-first heap   total 452608K, used 234201K [0x0000000080000000, 0x0000000100000000)
  region size 1024K, 3 young (3072K), 3 survivors (3072K)
 Metaspace       used 186884K, committed 192256K, reserved 1245184K
  class space    used 23861K, committed 25920K, reserved 1048576K
}
Event: 2037.969 GC heap before
{Heap before GC invocations=118 (full 0):
 garbage-first heap   total 452608K, used 255705K [0x0000000080000000, 0x0000000100000000)
  region size 1024K, 22 young (22528K), 3 survivors (3072K)
 Metaspace       used 186884K, committed 192256K, reserved 1245184K
  class space    used 23861K, committed 25920K, reserved 1048576K
}
Event: 2038.003 GC heap after
{Heap after GC invocations=119 (full 0):
 garbage-first heap   total 452608K, used 232181K [0x0000000080000000, 0x0000000100000000)
  region size 1024K, 3 young (3072K), 3 survivors (3072K)
 Metaspace       used 186884K, committed 192256K, reserved 1245184K
  class space    used 23861K, committed 25920K, reserved 1048576K
}
Event: 2040.136 GC heap before
{Heap before GC invocations=119 (full 0):
 garbage-first heap   total 452608K, used 253685K [0x0000000080000000, 0x0000000100000000)
  region size 1024K, 22 young (22528K), 3 survivors (3072K)
 Metaspace       used 186888K, committed 192256K, reserved 1245184K
  class space    used 23861K, committed 25920K, reserved 1048576K
}
Event: 2040.167 GC heap after
{Heap after GC invocations=120 (full 0):
 garbage-first heap   total 452608K, used 233220K [0x0000000080000000, 0x0000000100000000)
  region size 1024K, 3 young (3072K), 3 survivors (3072K)
 Metaspace       used 186888K, committed 192256K, reserved 1245184K
  class space    used 23861K, committed 25920K, reserved 1048576K
}
Event: 2041.555 GC heap before
{Heap before GC invocations=120 (full 0):
 garbage-first heap   total 452608K, used 253700K [0x0000000080000000, 0x0000000100000000)
  region size 1024K, 22 young (22528K), 3 survivors (3072K)
 Metaspace       used 190026K, committed 192960K, reserved 1245184K
  class space    used 24113K, committed 25920K, reserved 1048576K
}
Event: 2041.600 GC heap after
{Heap after GC invocations=121 (full 0):
 garbage-first heap   total 452608K, used 229926K [0x0000000080000000, 0x0000000100000000)
  region size 1024K, 2 young (2048K), 2 survivors (2048K)
 Metaspace       used 190026K, committed 192960K, reserved 1245184K
  class space    used 24113K, committed 25920K, reserved 1048576K
}
Event: 2044.559 GC heap before
{Heap before GC invocations=121 (full 0):
 garbage-first heap   total 452608K, used 250406K [0x0000000080000000, 0x0000000100000000)
  region size 1024K, 22 young (22528K), 2 survivors (2048K)
 Metaspace       used 193167K, committed 195328K, reserved 1245184K
  class space    used 24487K, committed 25920K, reserved 1048576K
}
Event: 2044.589 GC heap after
{Heap after GC invocations=122 (full 0):
 garbage-first heap   total 452608K, used 225887K [0x0000000080000000, 0x0000000100000000)
  region size 1024K, 3 young (3072K), 3 survivors (3072K)
 Metaspace       used 193167K, committed 195328K, reserved 1245184K
  class space    used 24487K, committed 25920K, reserved 1048576K
}
Event: 2046.749 GC heap before
{Heap before GC invocations=122 (full 0):
 garbage-first heap   total 452608K, used 245343K [0x0000000080000000, 0x0000000100000000)
  region size 1024K, 22 young (22528K), 3 survivors (3072K)
 Metaspace       used 195018K, committed 196992K, reserved 1245184K
  class space    used 24779K, committed 25984K, reserved 1048576K
}
Event: 2046.793 GC heap after
{Heap after GC invocations=123 (full 0):
 garbage-first heap   total 452608K, used 222931K [0x0000000080000000, 0x0000000100000000)
  region size 1024K, 2 young (2048K), 2 survivors (2048K)
 Metaspace       used 195018K, committed 196992K, reserved 1245184K
  class space    used 24779K, committed 25984K, reserved 1048576K
}
Event: 2048.149 GC heap before
{Heap before GC invocations=123 (full 0):
 garbage-first heap   total 452608K, used 243411K [0x0000000080000000, 0x0000000100000000)
  region size 1024K, 22 young (22528K), 2 survivors (2048K)
 Metaspace       used 196987K, committed 198720K, reserved 1245184K
  class space    used 25091K, committed 26048K, reserved 1048576K
}
Event: 2048.176 GC heap after
{Heap after GC invocations=124 (full 0):
 garbage-first heap   total 452608K, used 219803K [0x0000000080000000, 0x0000000100000000)
  region size 1024K, 3 young (3072K), 3 survivors (3072K)
 Metaspace       used 196987K, committed 198720K, reserved 1245184K
  class space    used 25091K, committed 26048K, reserved 1048576K
}
Event: 2054.890 GC heap before
{Heap before GC invocations=124 (full 0):
 garbage-first heap   total 452608K, used 280219K [0x0000000080000000, 0x0000000100000000)
  region size 1024K, 62 young (63488K), 3 survivors (3072K)
 Metaspace       used 199297K, committed 200896K, reserved 1245184K
  class space    used 25434K, committed 26304K, reserved 1048576K
}
Event: 2054.946 GC heap after
{Heap after GC invocations=125 (full 0):
 garbage-first heap   total 452608K, used 222044K [0x0000000080000000, 0x0000000100000000)
  region size 1024K, 8 young (8192K), 8 survivors (8192K)
 Metaspace       used 199297K, committed 200896K, reserved 1245184K
  class space    used 25434K, committed 26304K, reserved 1048576K
}
Event: 2095.133 GC heap before
{Heap before GC invocations=125 (full 0):
 garbage-first heap   total 452608K, used 379740K [0x0000000080000000, 0x0000000100000000)
  region size 1024K, 155 young (158720K), 8 survivors (8192K)
 Metaspace       used 203088K, committed 204608K, reserved 1245184K
  class space    used 25989K, committed 26752K, reserved 1048576K
}

